# JRE version: Java(TM) SE Runtime Environment (8.0_45-b14) (build 1.8.0_45-b14)
# Java VM: Java HotSpot(TM) 64-Bit Server VM (25.45-b02 mixed mode bsd-amd64 compressed oops)
Heap:
 PSYoungGen      total 504320K, used 167669K [0x0000000795580000, 0x00000007c0000000, 0x00000007c0000000)
  eden space 356864K, 17% used [0x0000000795580000,0x00000007992c9450,0x00000007ab200000)
  from space 147456K, 71% used [0x00000007b7000000,0x00000007bd674208,0x00000007c0000000)
  to   space 171008K, 0% used [0x00000007ab200000,0x00000007ab200000,0x00000007b5900000)
 ParOldGen       total 617472K, used 446577K [0x0000000740000000, 0x0000000765b00000, 0x0000000795580000)
  object space 617472K, 72% used [0x0000000740000000,0x000000075b41c708,0x0000000765b00000)
 Metaspace       used 66739K, capacity 67150K, committed 67584K, reserved 1107968K
  class space    used 8290K, capacity 8396K, committed 8448K, reserved 1048576K
GC Heap History (10 events):
Event: 48.027 GC heap before
{Heap before GC invocations=19 (full 4):
 PSYoungGen      total 548352K, used 522275K [0x0000000795580000, 0x00000007b9300000, 0x00000007c0000000)
  eden space 525824K, 95% used [0x0000000795580000,0x00000007b3dcc6b0,0x00000007b5700000)
  from space 22528K, 98% used [0x00000007b7d00000,0x00000007b92bc6d0,0x00000007b9300000)
  to   space 26112K, 0% used [0x00000007b6000000,0x00000007b6000000,0x00000007b7980000)
 ParOldGen       total 406016K, used 175232K [0x0000000740000000, 0x0000000758c80000, 0x0000000795580000)
  object space 406016K, 43% used [0x0000000740000000,0x000000074ab20040,0x0000000758c80000)
 Metaspace       used 61959K, capacity 62468K, committed 62976K, reserved 1103872K
  class space    used 7778K, capacity 7909K, committed 7936K, reserved 1048576K
Event: 48.178 GC heap after
Heap after GC invocations=19 (full 4):
 PSYoungGen      total 561152K, used 26104K [0x0000000795580000, 0x00000007c0000000, 0x00000007c0000000)
  eden space 535040K, 0% used [0x0000000795580000,0x0000000795580000,0x00000007b6000000)
  from space 26112K, 99% used [0x00000007b6000000,0x00000007b797e0a0,0x00000007b7980000)
  to   space 118784K, 0% used [0x00000007b8c00000,0x00000007b8c00000,0x00000007c0000000)
 ParOldGen       total 422912K, used 415931K [0x0000000740000000, 0x0000000759d00000, 0x0000000795580000)
  object space 422912K, 98% used [0x0000000740000000,0x000000075962ef40,0x0000000759d00000)
 Metaspace       used 61959K, capacity 62468K, committed 62976K, reserved 1103872K
  class space    used 7778K, capacity 7909K, committed 7936K, reserved 1048576K
}
Event: 48.178 GC heap before
{Heap before GC invocations=20 (full 5):
 PSYoungGen      total 561152K, used 26104K [0x0000000795580000, 0x00000007c0000000, 0x00000007c0000000)
  eden space 535040K, 0% used [0x0000000795580000,0x0000000795580000,0x00000007b6000000)
  from space 26112K, 99% used [0x00000007b6000000,0x00000007b797e0a0,0x00000007b7980000)
  to   space 118784K, 0% used [0x00000007b8c00000,0x00000007b8c00000,0x00000007c0000000)
 ParOldGen       total 422912K, used 415931K [0x0000000740000000, 0x0000000759d00000, 0x0000000795580000)
  object space 422912K, 98% used [0x0000000740000000,0x000000075962ef40,0x0000000759d00000)
 Metaspace       used 61959K, capacity 62468K, committed 62976K, reserved 1103872K
  class space    used 7778K, capacity 7909K, committed 7936K, reserved 1048576K
Event: 48.305 GC heap after
Heap after GC invocations=20 (full 5):
 PSYoungGen      total 561152K, used 0K [0x0000000795580000, 0x00000007c0000000, 0x00000007c0000000)
  eden space 535040K, 0% used [0x0000000795580000,0x0000000795580000,0x00000007b6000000)
  from space 26112K, 0% used [0x00000007b6000000,0x00000007b6000000,0x00000007b7980000)
  to   space 118784K, 0% used [0x00000007b8c00000,0x00000007b8c00000,0x00000007c0000000)
 ParOldGen       total 617472K, used 286563K [0x0000000740000000, 0x0000000765b00000, 0x0000000795580000)
  object space 617472K, 46% used [0x0000000740000000,0x00000007517d8ec8,0x0000000765b00000)
 Metaspace       used 61959K, capacity 62468K, committed 62976K, reserved 1103872K
  class space    used 7778K, capacity 7909K, committed 7936K, reserved 1048576K
}
Event: 48.850 GC heap before
{Heap before GC invocations=21 (full 5):
 PSYoungGen      total 561152K, used 528281K [0x0000000795580000, 0x00000007c0000000, 0x00000007c0000000)
  eden space 535040K, 98% used [0x0000000795580000,0x00000007b59664f0,0x00000007b6000000)
  from space 26112K, 0% used [0x00000007b6000000,0x00000007b6000000,0x00000007b7980000)
  to   space 118784K, 0% used [0x00000007b8c00000,0x00000007b8c00000,0x00000007c0000000)
 ParOldGen       total 617472K, used 286563K [0x0000000740000000, 0x0000000765b00000, 0x0000000795580000)
  object space 617472K, 46% used [0x0000000740000000,0x00000007517d8ec8,0x0000000765b00000)
 Metaspace       used 61963K, capacity 62468K, committed 62976K, reserved 1103872K
  class space    used 7778K, capacity 7909K, committed 7936K, reserved 1048576K
Event: 48.948 GC heap after
Heap after GC invocations=21 (full 5):
 PSYoungGen      total 537088K, used 116498K [0x0000000795580000, 0x00000007c0000000, 0x00000007c0000000)
  eden space 418304K, 0% used [0x0000000795580000,0x0000000795580000,0x00000007aee00000)
  from space 118784K, 98% used [0x00000007b8c00000,0x00000007bfdc4920,0x00000007c0000000)
  to   space 140288K, 0% used [0x00000007aee00000,0x00000007aee00000,0x00000007b7700000)
 ParOldGen       total 617472K, used 302955K [0x0000000740000000, 0x0000000765b00000, 0x0000000795580000)
  object space 617472K, 49% used [0x0000000740000000,0x00000007527daed8,0x0000000765b00000)
 Metaspace       used 61963K, capacity 62468K, committed 62976K, reserved 1103872K
  class space    used 7778K, capacity 7909K, committed 7936K, reserved 1048576K
}
Event: 3553.000 GC heap before
{Heap before GC invocations=22 (full 5):
 PSYoungGen      total 537088K, used 524730K [0x0000000795580000, 0x00000007c0000000, 0x00000007c0000000)
  eden space 418304K, 97% used [0x0000000795580000,0x00000007ae42a190,0x00000007aee00000)
  from space 118784K, 98% used [0x00000007b8c00000,0x00000007bfdc4920,0x00000007c0000000)
  to   space 140288K, 0% used [0x00000007aee00000,0x00000007aee00000,0x00000007b7700000)
 ParOldGen       total 617472K, used 302955K [0x0000000740000000, 0x0000000765b00000, 0x0000000795580000)
  object space 617472K, 49% used [0x0000000740000000,0x00000007527daed8,0x0000000765b00000)
 Metaspace       used 66600K, capacity 67086K, committed 67584K, reserved 1107968K
  class space    used 8280K, capacity 8396K, committed 8448K, reserved 1048576K
Event: 3553.352 GC heap after
Heap after GC invocations=22 (full 5):
 PSYoungGen      total 551424K, used 132976K [0x0000000795580000, 0x00000007c0000000, 0x00000007c0000000)
  eden space 418304K, 0% used [0x0000000795580000,0x0000000795580000,0x00000007aee00000)
  from space 133120K, 99% used [0x00000007aee00000,0x00000007b6fdc070,0x00000007b7000000)
  to   space 147456K, 0% used [0x00000007b7000000,0x00000007b7000000,0x00000007c0000000)
 ParOldGen       total 617472K, used 394376K [0x0000000740000000, 0x0000000765b00000, 0x0000000795580000)
  object space 617472K, 63% used [0x0000000740000000,0x00000007581222e8,0x0000000765b00000)
 Metaspace       used 66600K, capacity 67086K, committed 67584K, reserved 1107968K
  class space    used 8280K, capacity 8396K, committed 8448K, reserved 1048576K
}
Event: 3554.265 GC heap before
{Heap before GC invocations=23 (full 5):
 PSYoungGen      total 551424K, used 546273K [0x0000000795580000, 0x00000007c0000000, 0x00000007c0000000)
  eden space 418304K, 98% used [0x0000000795580000,0x00000007ae91c400,0x00000007aee00000)
  from space 133120K, 99% used [0x00000007aee00000,0x00000007b6fdc070,0x00000007b7000000)
  to   space 147456K, 0% used [0x00000007b7000000,0x00000007b7000000,0x00000007c0000000)
 ParOldGen       total 617472K, used 394376K [0x0000000740000000, 0x0000000765b00000, 0x0000000795580000)
  object space 617472K, 63% used [0x0000000740000000,0x00000007581222e8,0x0000000765b00000)
 Metaspace       used 66698K, capacity 67150K, committed 67584K, reserved 1107968K
  class space    used 8290K, capacity 8396K, committed 8448K, reserved 1048576K
Event: 3554.488 GC heap after
Heap after GC invocations=23 (full 5):
 PSYoungGen      total 504320K, used 104912K [0x0000000795580000, 0x00000007c0000000, 0x00000007c0000000)
  eden space 356864K, 0% used [0x0000000795580000,0x0000000795580000,0x00000007ab200000)
  from space 147456K, 71% used [0x00000007b7000000,0x00000007bd674208,0x00000007c0000000)
  to   space 171008K, 0% used [0x00000007ab200000,0x00000007ab200000,0x00000007b5900000)
 ParOldGen       total 617472K, used 446577K [0x0000000740000000, 0x0000000765b00000, 0x0000000795580000)
  object space 617472K, 72% used [0x0000000740000000,0x000000075b41c708,0x0000000765b00000)
 Metaspace       used 66698K, capacity 67150K, committed 67584K, reserved 1107968K
  class space    used 8290K, capacity 8396K, committed 8448K, reserved 1048576K
}

